Configuring flexible-defaults-0.0.1.2...
Building flexible-defaults-0.0.1.2...
Preprocessing library flexible-defaults-0.0.1.2...
[1 of 3] Compiling Language.Haskell.TH.FlexibleDefaults.Solve ( src/Language/Haskell/TH/FlexibleDefaults/Solve.hs, .stack-work/dist/x86_64-linux/Cabal-1.22.5.0/build/Language/Haskell/TH/FlexibleDefaults/Solve.o )

src/Language/Haskell/TH/FlexibleDefaults/Solve.hs:13:1: Warning:
    The import of ‘Data.Monoid’ is redundant
      except perhaps to import instances from ‘Data.Monoid’
    To import instances alone, use: import Data.Monoid()
[2 of 3] Compiling Language.Haskell.TH.FlexibleDefaults.DSL ( src/Language/Haskell/TH/FlexibleDefaults/DSL.hs, .stack-work/dist/x86_64-linux/Cabal-1.22.5.0/build/Language/Haskell/TH/FlexibleDefaults/DSL.o )

src/Language/Haskell/TH/FlexibleDefaults/DSL.hs:4:1: Warning:
    The import of ‘Control.Applicative’ is redundant
      except perhaps to import instances from ‘Control.Applicative’
    To import instances alone, use: import Control.Applicative()

src/Language/Haskell/TH/FlexibleDefaults/DSL.hs:9:1: Warning:
    The import of ‘Data.Monoid’ is redundant
      except perhaps to import instances from ‘Data.Monoid’
    To import instances alone, use: import Data.Monoid()
[3 of 3] Compiling Language.Haskell.TH.FlexibleDefaults ( src/Language/Haskell/TH/FlexibleDefaults.hs, .stack-work/dist/x86_64-linux/Cabal-1.22.5.0/build/Language/Haskell/TH/FlexibleDefaults.o )

src/Language/Haskell/TH/FlexibleDefaults.hs:28:1: Warning:
    The import of ‘Data.Monoid’ is redundant
      except perhaps to import instances from ‘Data.Monoid’
    To import instances alone, use: import Data.Monoid()
In-place registering flexible-defaults-0.0.1.2...
Installing library in
/home/chaosrobie/.stack/snapshots/x86_64-linux/lts-6.14/7.10.3/lib/x86_64-linux-ghc-7.10.3/flexible-defaults-0.0.1.2-70LqvhG3vbS8bRvV8pHtMk
Registering flexible-defaults-0.0.1.2...
