Configuring MonadRandom-0.5.1...
Building MonadRandom-0.5.1...
Preprocessing library MonadRandom-0.5.1...
[1 of 7] Compiling Control.Monad.Random.Class ( Control/Monad/Random/Class.hs, .stack-work/dist/x86_64-linux/Cabal-1.24.2.0/build/Control/Monad/Random/Class.o )

Control/Monad/Random/Class.hs:57:1: warning: [-Wdeprecations]
    Module ‘Control.Monad.Trans.Error’ is deprecated:
      Use Control.Monad.Trans.Except instead

Control/Monad/Random/Class.hs:133:11: warning: [-Wdeprecations]
    In the use of type constructor or class ‘Error’
    (imported from Control.Monad.Trans.Error):
    Deprecated: "Use Control.Monad.Trans.Except instead"

Control/Monad/Random/Class.hs:133:51: warning: [-Wdeprecations]
    In the use of type constructor or class ‘ErrorT’
    (imported from Control.Monad.Trans.Error):
    Deprecated: "Use Control.Monad.Trans.Except instead"

Control/Monad/Random/Class.hs:230:11: warning: [-Wdeprecations]
    In the use of type constructor or class ‘Error’
    (imported from Control.Monad.Trans.Error):
    Deprecated: "Use Control.Monad.Trans.Except instead"

Control/Monad/Random/Class.hs:230:53: warning: [-Wdeprecations]
    In the use of type constructor or class ‘ErrorT’
    (imported from Control.Monad.Trans.Error):
    Deprecated: "Use Control.Monad.Trans.Except instead"

Control/Monad/Random/Class.hs:321:11: warning: [-Wdeprecations]
    In the use of type constructor or class ‘Error’
    (imported from Control.Monad.Trans.Error):
    Deprecated: "Use Control.Monad.Trans.Except instead"

Control/Monad/Random/Class.hs:321:59: warning: [-Wdeprecations]
    In the use of type constructor or class ‘ErrorT’
    (imported from Control.Monad.Trans.Error):
    Deprecated: "Use Control.Monad.Trans.Except instead"

Control/Monad/Random/Class.hs:322:16: warning: [-Wdeprecations]
    In the use of ‘mapErrorT’
    (imported from Control.Monad.Trans.Error):
    Deprecated: "Use Control.Monad.Trans.Except instead"
[2 of 7] Compiling Control.Monad.Trans.Random.Lazy ( Control/Monad/Trans/Random/Lazy.hs, .stack-work/dist/x86_64-linux/Cabal-1.24.2.0/build/Control/Monad/Trans/Random/Lazy.o )
[3 of 7] Compiling Control.Monad.Random.Lazy ( Control/Monad/Random/Lazy.hs, .stack-work/dist/x86_64-linux/Cabal-1.24.2.0/build/Control/Monad/Random/Lazy.o )
[4 of 7] Compiling Control.Monad.Trans.Random ( Control/Monad/Trans/Random.hs, .stack-work/dist/x86_64-linux/Cabal-1.24.2.0/build/Control/Monad/Trans/Random.o )
[5 of 7] Compiling Control.Monad.Trans.Random.Strict ( Control/Monad/Trans/Random/Strict.hs, .stack-work/dist/x86_64-linux/Cabal-1.24.2.0/build/Control/Monad/Trans/Random/Strict.o )
[6 of 7] Compiling Control.Monad.Random.Strict ( Control/Monad/Random/Strict.hs, .stack-work/dist/x86_64-linux/Cabal-1.24.2.0/build/Control/Monad/Random/Strict.o )
[7 of 7] Compiling Control.Monad.Random ( Control/Monad/Random.hs, .stack-work/dist/x86_64-linux/Cabal-1.24.2.0/build/Control/Monad/Random.o )
Installing library in
/home/robert/.stack/snapshots/x86_64-linux/lts-8.2/8.0.2/lib/x86_64-linux-ghc-8.0.2/MonadRandom-0.5.1-IY6HiWu00vQLARukQW3KMH
Registering MonadRandom-0.5.1...
