Configuring pipes-4.1.9...
Building pipes-4.1.9...
Preprocessing library pipes-4.1.9...
[1 of 6] Compiling Pipes.Internal   ( src/Pipes/Internal.hs, .stack-work/dist/x86_64-linux/Cabal-1.22.5.0/build/Pipes/Internal.o )

src/Pipes/Internal.hs:38:1: Warning:
    The import of ‘<*>, pure, Applicative, *>’
    from module ‘Control.Applicative’ is redundant

src/Pipes/Internal.hs:44:1: Warning:
    Module ‘Control.Monad.Error’ is deprecated:
      Use Control.Monad.Except instead

src/Pipes/Internal.hs:48:1: Warning:
    The import of ‘Data.Monoid’ is redundant
      except perhaps to import instances from ‘Data.Monoid’
    To import instances alone, use: import Data.Monoid()

src/Pipes/Internal.hs:106:5: Warning:
    Rule "_bind (Request a' k) f" may never fire
      because ‘_bind’ might inline first
    Probable fix: add an INLINE[n] or NOINLINE[n] pragma on ‘_bind’

src/Pipes/Internal.hs:108:5: Warning:
    Rule "_bind (Respond b  k) f" may never fire
      because ‘_bind’ might inline first
    Probable fix: add an INLINE[n] or NOINLINE[n] pragma on ‘_bind’

src/Pipes/Internal.hs:110:5: Warning:
    Rule "_bind (M          m) f" may never fire
      because ‘_bind’ might inline first
    Probable fix: add an INLINE[n] or NOINLINE[n] pragma on ‘_bind’

src/Pipes/Internal.hs:112:5: Warning:
    Rule "_bind (Pure    r   ) f" may never fire
      because ‘_bind’ might inline first
    Probable fix: add an INLINE[n] or NOINLINE[n] pragma on ‘_bind’
[2 of 6] Compiling Pipes.Core       ( src/Pipes/Core.hs, .stack-work/dist/x86_64-linux/Cabal-1.22.5.0/build/Pipes/Core.o )
[3 of 6] Compiling Pipes.Lift       ( src/Pipes/Lift.hs, .stack-work/dist/x86_64-linux/Cabal-1.22.5.0/build/Pipes/Lift.o )

src/Pipes/Lift.hs:50:1: Warning:
    Module ‘Control.Monad.Trans.Error’ is deprecated:
      Use Control.Monad.Trans.Except instead

src/Pipes/Lift.hs:56:1: Warning:
    The import of ‘Data.Monoid’ is redundant
      except perhaps to import instances from ‘Data.Monoid’
    To import instances alone, use: import Data.Monoid()

src/Pipes/Lift.hs:81:18: Warning:
    In the use of type constructor or class ‘E.Error’
    (imported from Control.Monad.Trans.Error):
    Deprecated: "Use Control.Monad.Trans.Except instead"

src/Pipes/Lift.hs:83:25: Warning:
    In the use of type constructor or class ‘E.ErrorT’
    (imported from Control.Monad.Trans.Error):
    Deprecated: "Use Control.Monad.Trans.Except instead"

src/Pipes/Lift.hs:86:12: Warning:
    In the use of data constructor ‘E.ErrorT’
    (imported from Control.Monad.Trans.Error):
    Deprecated: "Use Control.Monad.Trans.Except instead"

src/Pipes/Lift.hs:91:18: Warning:
    In the use of type constructor or class ‘E.Error’
    (imported from Control.Monad.Trans.Error):
    Deprecated: "Use Control.Monad.Trans.Except instead"

src/Pipes/Lift.hs:92:25: Warning:
    In the use of type constructor or class ‘E.ErrorT’
    (imported from Control.Monad.Trans.Error):
    Deprecated: "Use Control.Monad.Trans.Except instead"

src/Pipes/Lift.hs:94:16: Warning:
    In the use of ‘E.runErrorT’
    (imported from Control.Monad.Trans.Error):
    Deprecated: "Use Control.Monad.Trans.Except instead"

src/Pipes/Lift.hs:99:18: Warning:
    In the use of type constructor or class ‘E.Error’
    (imported from Control.Monad.Trans.Error):
    Deprecated: "Use Control.Monad.Trans.Except instead"

src/Pipes/Lift.hs:100:25: Warning:
    In the use of type constructor or class ‘E.ErrorT’
    (imported from Control.Monad.Trans.Error):
    Deprecated: "Use Control.Monad.Trans.Except instead"

src/Pipes/Lift.hs:102:31: Warning:
    In the use of type constructor or class ‘E.ErrorT’
    (imported from Control.Monad.Trans.Error):
    Deprecated: "Use Control.Monad.Trans.Except instead"

src/Pipes/Lift.hs:104:25: Warning:
    In the use of type constructor or class ‘E.ErrorT’
    (imported from Control.Monad.Trans.Error):
    Deprecated: "Use Control.Monad.Trans.Except instead"

src/Pipes/Lift.hs:105:27: Warning:
    In the use of ‘E.runErrorT’
    (imported from Control.Monad.Trans.Error):
    Deprecated: "Use Control.Monad.Trans.Except instead"

src/Pipes/Lift.hs:106:5: Warning:
    In the use of ‘E.catchError’
    (imported from Control.Monad.Trans.Error):
    Deprecated: "Use Control.Monad.Trans.Except instead"
[4 of 6] Compiling Pipes            ( src/Pipes.hs, .stack-work/dist/x86_64-linux/Cabal-1.22.5.0/build/Pipes.o )

src/Pipes.hs:67:1: Warning:
    The import of ‘<*>, pure, Applicative’
    from module ‘Control.Applicative’ is redundant

src/Pipes.hs:69:1: Warning:
    Module ‘Control.Monad.Error’ is deprecated:
      Use Control.Monad.Except instead

src/Pipes.hs:75:1: Warning:
    Module ‘Control.Monad.Trans.Error’ is deprecated:
      Use Control.Monad.Trans.Except instead

src/Pipes.hs:80:1: Warning:
    The import of ‘Data.Monoid’ is redundant
      except perhaps to import instances from ‘Data.Monoid’
    To import instances alone, use: import Data.Monoid()

src/Pipes.hs:523:22: Warning:
    In the use of type constructor or class ‘ErrorT’
    (imported from Control.Monad.Trans.Error):
    Deprecated: "Use Control.Monad.Trans.Except instead"

src/Pipes.hs:525:21: Warning:
    In the use of ‘runErrorT’
    (imported from Control.Monad.Trans.Error):
    Deprecated: "Use Control.Monad.Trans.Except instead"
[5 of 6] Compiling Pipes.Prelude    ( src/Pipes/Prelude.hs, .stack-work/dist/x86_64-linux/Cabal-1.22.5.0/build/Pipes/Prelude.o )

src/Pipes/Prelude.hs:418:3: Warning:
    This binding for ‘loop’ shadows the existing binding
      defined at src/Pipes/Prelude.hs:607:1

src/Pipes/Prelude.hs:472:5: Warning:
    This binding for ‘loop’ shadows the existing binding
      defined at src/Pipes/Prelude.hs:607:1
[6 of 6] Compiling Pipes.Tutorial   ( src/Pipes/Tutorial.hs, .stack-work/dist/x86_64-linux/Cabal-1.22.5.0/build/Pipes/Tutorial.o )

src/Pipes/Tutorial.hs:95:1: Warning:
    Module ‘Control.Monad.Trans.Error’ is deprecated:
      Use Control.Monad.Trans.Except instead
In-place registering pipes-4.1.9...
Installing library in
/home/chaosrobie/.stack/snapshots/x86_64-linux/lts-6.14/7.10.3/lib/x86_64-linux-ghc-7.10.3/pipes-4.1.9-5Lsbp8Cy3Kk4ohTtN6ENch
Registering pipes-4.1.9...
